#! /usr/bin/vvp
:ivl_version "10.3 (stable)";
:ivl_delay_selection "TYPICAL";
:vpi_time_precision + 0;
:vpi_module "system";
:vpi_module "vhdl_sys";
:vpi_module "v2005_math";
:vpi_module "va_math";
S_0x564d5f64d100 .scope module, "tb" "tb" 2 1;
 .timescale 0 0;
v0x564d5f69a8c0_0 .var "clk_i", 0 0;
v0x564d5f69a980_0 .var "data_i", 0 0;
v0x564d5f69aa50_0 .net "match_o", 0 0, v0x564d5f69a590_0;  1 drivers
v0x564d5f69ab50_0 .var "reset_i", 0 0;
S_0x564d5f64d280 .scope module, "pd0" "pattern_detection" 2 4, 3 1 0, S_0x564d5f64d100;
 .timescale 0 0;
    .port_info 0 /INPUT 1 "clk_i"
    .port_info 1 /INPUT 1 "reset_i"
    .port_info 2 /INPUT 1 "data_i"
    .port_info 3 /OUTPUT 1 "match_o"
P_0x564d5f6855c0 .param/l "IDLE" 0 3 9, C4<00>;
P_0x564d5f685600 .param/l "S1" 0 3 10, C4<01>;
P_0x564d5f685640 .param/l "S10" 0 3 11, C4<10>;
P_0x564d5f685680 .param/l "S101" 0 3 12, C4<11>;
v0x564d5f6858c0_0 .net "clk_i", 0 0, v0x564d5f69a8c0_0;  1 drivers
v0x564d5f69a3e0_0 .var "curr_state", 1 0;
v0x564d5f69a4c0_0 .net "data_i", 0 0, v0x564d5f69a980_0;  1 drivers
v0x564d5f69a590_0 .var "match_o", 0 0;
v0x564d5f69a650_0 .var "next_state", 1 0;
v0x564d5f69a780_0 .net "reset_i", 0 0, v0x564d5f69ab50_0;  1 drivers
E_0x564d5f686110 .event edge, v0x564d5f69a3e0_0, v0x564d5f69a4c0_0;
E_0x564d5f686380/0 .event negedge, v0x564d5f69a780_0;
E_0x564d5f686380/1 .event posedge, v0x564d5f6858c0_0;
E_0x564d5f686380 .event/or E_0x564d5f686380/0, E_0x564d5f686380/1;
    .scope S_0x564d5f64d280;
T_0 ;
    %wait E_0x564d5f686380;
    %load/vec4 v0x564d5f69a780_0;
    %nor/r;
    %flag_set/vec4 8;
    %jmp/0xz  T_0.0, 8;
    %pushi/vec4 0, 0, 2;
    %assign/vec4 v0x564d5f69a3e0_0, 0;
    %jmp T_0.1;
T_0.0 ;
    %load/vec4 v0x564d5f69a650_0;
    %assign/vec4 v0x564d5f69a3e0_0, 0;
T_0.1 ;
    %jmp T_0;
    .thread T_0;
    .scope S_0x564d5f64d280;
T_1 ;
    %wait E_0x564d5f686110;
    %pushi/vec4 0, 0, 1;
    %store/vec4 v0x564d5f69a590_0, 0, 1;
    %pushi/vec4 0, 0, 2;
    %store/vec4 v0x564d5f69a650_0, 0, 2;
    %load/vec4 v0x564d5f69a3e0_0;
    %dup/vec4;
    %pushi/vec4 0, 0, 2;
    %cmp/u;
    %jmp/1 T_1.0, 6;
    %dup/vec4;
    %pushi/vec4 1, 0, 2;
    %cmp/u;
    %jmp/1 T_1.1, 6;
    %dup/vec4;
    %pushi/vec4 2, 0, 2;
    %cmp/u;
    %jmp/1 T_1.2, 6;
    %jmp T_1.3;
T_1.0 ;
    %load/vec4 v0x564d5f69a4c0_0;
    %cmpi/e 1, 0, 1;
    %jmp/0xz  T_1.4, 4;
    %pushi/vec4 1, 0, 2;
    %store/vec4 v0x564d5f69a650_0, 0, 2;
T_1.4 ;
    %jmp T_1.3;
T_1.1 ;
    %load/vec4 v0x564d5f69a4c0_0;
    %cmpi/e 1, 0, 1;
    %jmp/0xz  T_1.6, 4;
    %pushi/vec4 1, 0, 2;
    %store/vec4 v0x564d5f69a650_0, 0, 2;
    %jmp T_1.7;
T_1.6 ;
    %pushi/vec4 2, 0, 2;
    %store/vec4 v0x564d5f69a650_0, 0, 2;
T_1.7 ;
    %jmp T_1.3;
T_1.2 ;
    %load/vec4 v0x564d5f69a4c0_0;
    %cmpi/e 1, 0, 1;
    %jmp/0xz  T_1.8, 4;
    %pushi/vec4 1, 0, 1;
    %store/vec4 v0x564d5f69a590_0, 0, 1;
T_1.8 ;
    %jmp T_1.3;
T_1.3 ;
    %pop/vec4 1;
    %jmp T_1;
    .thread T_1, $push;
    .scope S_0x564d5f64d100;
T_2 ;
    %vpi_call 2 7 "$dumpfile", "sample.vcd" {0 0 0};
    %vpi_call 2 8 "$dumpvars" {0 0 0};
    %pushi/vec4 0, 0, 1;
    %store/vec4 v0x564d5f69a8c0_0, 0, 1;
T_2.0 ;
    %delay 5, 0;
    %load/vec4 v0x564d5f69a8c0_0;
    %inv;
    %store/vec4 v0x564d5f69a8c0_0, 0, 1;
    %jmp T_2.0;
    %end;
    .thread T_2;
    .scope S_0x564d5f64d100;
T_3 ;
    %delay 0, 0;
    %pushi/vec4 1, 0, 1;
    %assign/vec4 v0x564d5f69ab50_0, 0;
    %delay 5, 0;
    %pushi/vec4 0, 0, 1;
    %assign/vec4 v0x564d5f69ab50_0, 0;
    %pushi/vec4 0, 0, 1;
    %assign/vec4 v0x564d5f69a980_0, 0;
    %delay 10, 0;
    %pushi/vec4 1, 0, 1;
    %assign/vec4 v0x564d5f69ab50_0, 0;
    %delay 10, 0;
    %delay 10, 0;
    %pushi/vec4 0, 0, 1;
    %assign/vec4 v0x564d5f69a980_0, 0;
    %delay 10, 0;
    %pushi/vec4 1, 0, 1;
    %assign/vec4 v0x564d5f69a980_0, 0;
    %delay 10, 0;
    %pushi/vec4 0, 0, 1;
    %assign/vec4 v0x564d5f69a980_0, 0;
    %delay 10, 0;
    %pushi/vec4 0, 0, 1;
    %assign/vec4 v0x564d5f69a980_0, 0;
    %delay 10, 0;
    %pushi/vec4 1, 0, 1;
    %assign/vec4 v0x564d5f69a980_0, 0;
    %delay 10, 0;
    %pushi/vec4 0, 0, 1;
    %assign/vec4 v0x564d5f69a980_0, 0;
    %delay 10, 0;
    %pushi/vec4 1, 0, 1;
    %assign/vec4 v0x564d5f69a980_0, 0;
    %delay 10, 0;
    %pushi/vec4 1, 0, 1;
    %assign/vec4 v0x564d5f69a980_0, 0;
    %delay 10, 0;
    %pushi/vec4 0, 0, 1;
    %assign/vec4 v0x564d5f69a980_0, 0;
    %delay 10, 0;
    %pushi/vec4 1, 0, 1;
    %assign/vec4 v0x564d5f69a980_0, 0;
    %delay 20, 0;
    %vpi_call 2 31 "$finish" {0 0 0};
    %end;
    .thread T_3;
# The file index is used to find the file name in the following table.
:file_names 4;
    "N/A";
    "<interactive>";
    "tb_sample.v";
    "../rtl/pattern_detection.v";
